<?xml version="1.0" encoding="UTF-8"?>
<!-- Generated by org.testng.reporters.JUnitXMLReporter -->
<testsuite hostname="sudheer-PC" ignored="0" name="Test" tests="3" failures="0" timestamp="01 Jun 2019 15:23:28 GMT" time="23.057" errors="0">
  <testcase name="loginPageTitleTest" time="0.025" classname="com.OHRMS.testcasescripts.LoginPageTest"/>
  <testcase name="verifyHomePageTitleTest" time="0.016" classname="com.OHRMS.testcasescripts.HomePageTest"/>
  <testcase name="LoginTest" time="4.227" classname="com.OHRMS.testcasescripts.LoginPageTest"/>
</testsuite> <!-- Test -->
